build/app/intermediates/manifest_merge_blame_file/debug/manifest-merger-blame-debug-report.txt
1<?xml version="1.0" encoding="utf-8"?>
2<manifest xmlns:android="http://schemas.android.com/apk/res/android"
3    package="com.example.human_tek_app"
4    android:versionCode="1"
5    android:versionName="1.0.0" >
6
7    <uses-sdk
8        android:minSdkVersion="21"
9        android:targetSdkVersion="31" />
10    <!--
11         The INTERNET permission is required for development. Specifically,
12         the Flutter tool needs it to communicate with the running application
13         to allow setting breakpoints, to provide hot reload, etc.
14    -->
15    <uses-permission android:name="android.permission.INTERNET" />
15-->src/main/AndroidManifest.xml:3:6-67
15-->src/main/AndroidManifest.xml:3:23-65
16    <!-- See https://developer.android.com/training/package-visibility/declaring for more details. -->
17    <queries>
17-->[com.stripe:financial-connections:20.15.4] AndroidManifest.xml:12:5-20:15
18
19        <!-- Added to check the default browser that will host the AuthFlow. -->
20        <intent>
20-->[com.stripe:financial-connections:20.15.4] AndroidManifest.xml:15:9-19:18
21            <action android:name="android.intent.action.VIEW" />
21-->[com.stripe:financial-connections:20.15.4] AndroidManifest.xml:16:13-65
21-->[com.stripe:financial-connections:20.15.4] AndroidManifest.xml:16:21-62
22
23            <data android:scheme="http" />
23-->[com.stripe:financial-connections:20.15.4] AndroidManifest.xml:18:13-43
23-->[com.stripe:financial-connections:20.15.4] AndroidManifest.xml:18:19-40
24        </intent>
25        <!-- Added to check if Chrome is installed for browser-based payment authentication (e.g. 3DS1). -->
26        <package android:name="com.android.chrome" /> <!-- Needs to be explicitly declared on Android R+ -->
26-->[com.stripe:payments-core:20.15.4] AndroidManifest.xml:13:9-54
26-->[com.stripe:payments-core:20.15.4] AndroidManifest.xml:13:18-51
27        <package android:name="com.google.android.apps.maps" />
27-->[com.google.android.gms:play-services-maps:18.0.2] AndroidManifest.xml:33:9-64
27-->[com.google.android.gms:play-services-maps:18.0.2] AndroidManifest.xml:33:18-61
28    </queries>
29
30    <uses-permission android:name="android.permission.ACCESS_NETWORK_STATE" />
30-->[com.google.firebase:firebase-auth:22.3.0] AndroidManifest.xml:26:5-79
30-->[com.google.firebase:firebase-auth:22.3.0] AndroidManifest.xml:26:22-76
31
32    <uses-feature
32-->[com.google.android.gms:play-services-maps:18.0.2] AndroidManifest.xml:26:5-28:35
33        android:glEsVersion="0x00020000"
33-->[com.google.android.gms:play-services-maps:18.0.2] AndroidManifest.xml:27:9-41
34        android:required="true" />
34-->[com.google.android.gms:play-services-maps:18.0.2] AndroidManifest.xml:28:9-32
35
36    <permission
36-->[androidx.core:core:1.9.0] AndroidManifest.xml:22:5-24:47
37        android:name="com.example.human_tek_app.DYNAMIC_RECEIVER_NOT_EXPORTED_PERMISSION"
37-->[androidx.core:core:1.9.0] AndroidManifest.xml:23:9-81
38        android:protectionLevel="signature" />
38-->[androidx.core:core:1.9.0] AndroidManifest.xml:24:9-44
39
40    <uses-permission android:name="com.example.human_tek_app.DYNAMIC_RECEIVER_NOT_EXPORTED_PERMISSION" />
40-->[androidx.core:core:1.9.0] AndroidManifest.xml:26:5-97
40-->[androidx.core:core:1.9.0] AndroidManifest.xml:26:22-94
41
42    <application
43        android:name="android.app.Application"
44        android:appComponentFactory="androidx.core.app.CoreComponentFactory"
44-->[androidx.core:core:1.9.0] AndroidManifest.xml:28:18-86
45        android:debuggable="true"
46        android:icon="@mipmap/ic_launcher"
47        android:label="human_tek_app" >
48        <activity
49            android:name="com.example.human_tek_app.MainActivity"
50            android:configChanges="orientation|keyboardHidden|keyboard|screenSize|smallestScreenSize|locale|layoutDirection|fontScale|screenLayout|density|uiMode"
51            android:exported="true"
52            android:hardwareAccelerated="true"
53            android:launchMode="singleTop"
54            android:theme="@style/LaunchTheme"
55            android:windowSoftInputMode="adjustResize" >
56
57            <!--
58                 Specifies an Android theme to apply to this Activity as soon as
59                 the Android process has started. This theme is visible to the user
60                 while the Flutter UI initializes. After that, this theme continues
61                 to determine the Window background behind the Flutter UI.
62            -->
63            <meta-data
64                android:name="io.flutter.embedding.android.NormalTheme"
65                android:resource="@style/NormalTheme" />
66
67            <intent-filter>
68                <action android:name="android.intent.action.MAIN" />
69
70                <category android:name="android.intent.category.LAUNCHER" />
71            </intent-filter>
72        </activity>
73        <!--
74             Don't delete the meta-data below.
75             This is used by the Flutter tool to generate GeneratedPluginRegistrant.java
76        -->
77        <meta-data
78            android:name="flutterEmbedding"
79            android:value="2" />
80
81        <service
81-->[:firebase_auth] AndroidManifest.xml:10:9-14:19
82            android:name="com.google.firebase.components.ComponentDiscoveryService"
82-->[:firebase_auth] AndroidManifest.xml:10:18-89
83            android:directBootAware="true"
83-->[com.google.firebase:firebase-common:20.4.2] AndroidManifest.xml:32:13-43
84            android:exported="false" >
84-->[com.google.firebase:firebase-auth:22.3.0] AndroidManifest.xml:68:13-37
85            <meta-data
85-->[:firebase_auth] AndroidManifest.xml:11:13-13:85
86                android:name="com.google.firebase.components:io.flutter.plugins.firebase.auth.FlutterFirebaseAuthRegistrar"
86-->[:firebase_auth] AndroidManifest.xml:12:17-124
87                android:value="com.google.firebase.components.ComponentRegistrar" />
87-->[:firebase_auth] AndroidManifest.xml:13:17-82
88            <meta-data
88-->[:firebase_core] AndroidManifest.xml:11:13-13:85
89                android:name="com.google.firebase.components:io.flutter.plugins.firebase.core.FlutterFirebaseCoreRegistrar"
89-->[:firebase_core] AndroidManifest.xml:12:17-124
90                android:value="com.google.firebase.components.ComponentRegistrar" />
90-->[:firebase_core] AndroidManifest.xml:13:17-82
91            <meta-data
91-->[com.google.firebase:firebase-auth:22.3.0] AndroidManifest.xml:69:13-71:85
92                android:name="com.google.firebase.components:com.google.firebase.auth.FirebaseAuthRegistrar"
92-->[com.google.firebase:firebase-auth:22.3.0] AndroidManifest.xml:70:17-109
93                android:value="com.google.firebase.components.ComponentRegistrar" />
93-->[com.google.firebase:firebase-auth:22.3.0] AndroidManifest.xml:71:17-82
94            <meta-data
94-->[com.google.firebase:firebase-common-ktx:20.4.2] AndroidManifest.xml:12:13-14:85
95                android:name="com.google.firebase.components:com.google.firebase.ktx.FirebaseCommonLegacyRegistrar"
95-->[com.google.firebase:firebase-common-ktx:20.4.2] AndroidManifest.xml:13:17-116
96                android:value="com.google.firebase.components.ComponentRegistrar" />
96-->[com.google.firebase:firebase-common-ktx:20.4.2] AndroidManifest.xml:14:17-82
97            <meta-data
97-->[com.google.firebase:firebase-common:20.4.2] AndroidManifest.xml:35:13-37:85
98                android:name="com.google.firebase.components:com.google.firebase.FirebaseCommonKtxRegistrar"
98-->[com.google.firebase:firebase-common:20.4.2] AndroidManifest.xml:36:17-109
99                android:value="com.google.firebase.components.ComponentRegistrar" />
99-->[com.google.firebase:firebase-common:20.4.2] AndroidManifest.xml:37:17-82
100        </service>
101
102        <activity
102-->[com.stripe:paymentsheet:20.15.4] AndroidManifest.xml:10:9-13:69
103            android:name="com.stripe.android.paymentsheet.PaymentSheetActivity"
103-->[com.stripe:paymentsheet:20.15.4] AndroidManifest.xml:11:13-80
104            android:exported="false"
104-->[com.stripe:paymentsheet:20.15.4] AndroidManifest.xml:12:13-37
105            android:theme="@style/StripePaymentSheetDefaultTheme" />
105-->[com.stripe:paymentsheet:20.15.4] AndroidManifest.xml:13:13-66
106        <activity
106-->[com.stripe:paymentsheet:20.15.4] AndroidManifest.xml:14:9-17:69
107            android:name="com.stripe.android.paymentsheet.PaymentOptionsActivity"
107-->[com.stripe:paymentsheet:20.15.4] AndroidManifest.xml:15:13-82
108            android:exported="false"
108-->[com.stripe:paymentsheet:20.15.4] AndroidManifest.xml:16:13-37
109            android:theme="@style/StripePaymentSheetDefaultTheme" />
109-->[com.stripe:paymentsheet:20.15.4] AndroidManifest.xml:17:13-66
110        <activity
110-->[com.stripe:paymentsheet:20.15.4] AndroidManifest.xml:18:9-21:69
111            android:name="com.stripe.android.paymentsheet.addresselement.AddressElementActivity"
111-->[com.stripe:paymentsheet:20.15.4] AndroidManifest.xml:19:13-97
112            android:exported="false"
112-->[com.stripe:paymentsheet:20.15.4] AndroidManifest.xml:20:13-37
113            android:theme="@style/StripePaymentSheetDefaultTheme" />
113-->[com.stripe:paymentsheet:20.15.4] AndroidManifest.xml:21:13-66
114        <activity
114-->[com.stripe:paymentsheet:20.15.4] AndroidManifest.xml:22:9-25:69
115            android:name="com.stripe.android.paymentsheet.paymentdatacollection.polling.PollingActivity"
115-->[com.stripe:paymentsheet:20.15.4] AndroidManifest.xml:23:13-105
116            android:exported="false"
116-->[com.stripe:paymentsheet:20.15.4] AndroidManifest.xml:24:13-37
117            android:theme="@style/StripePaymentSheetDefaultTheme" />
117-->[com.stripe:paymentsheet:20.15.4] AndroidManifest.xml:25:13-66
118        <activity
118-->[com.stripe:link:20.15.4] AndroidManifest.xml:10:9-15:58
119            android:name="com.stripe.android.link.LinkActivity"
119-->[com.stripe:link:20.15.4] AndroidManifest.xml:11:13-64
120            android:exported="false"
120-->[com.stripe:link:20.15.4] AndroidManifest.xml:12:13-37
121            android:label="@string/link"
121-->[com.stripe:link:20.15.4] AndroidManifest.xml:13:13-41
122            android:theme="@style/LinkBaseTheme"
122-->[com.stripe:link:20.15.4] AndroidManifest.xml:14:13-49
123            android:windowSoftInputMode="adjustResize" />
123-->[com.stripe:link:20.15.4] AndroidManifest.xml:15:13-55
124        <activity
124-->[com.stripe:financial-connections:20.15.4] AndroidManifest.xml:23:9-42:20
125            android:name="com.stripe.android.financialconnections.FinancialConnectionsSheetRedirectActivity"
125-->[com.stripe:financial-connections:20.15.4] AndroidManifest.xml:24:13-109
126            android:exported="true" >
126-->[com.stripe:financial-connections:20.15.4] AndroidManifest.xml:25:13-36
127            <intent-filter>
127-->[com.stripe:financial-connections:20.15.4] AndroidManifest.xml:26:13-41:29
128                <action android:name="android.intent.action.VIEW" />
128-->[com.stripe:financial-connections:20.15.4] AndroidManifest.xml:16:13-65
128-->[com.stripe:financial-connections:20.15.4] AndroidManifest.xml:16:21-62
129
130                <category android:name="android.intent.category.DEFAULT" />
130-->[com.stripe:financial-connections:20.15.4] AndroidManifest.xml:29:17-76
130-->[com.stripe:financial-connections:20.15.4] AndroidManifest.xml:29:27-73
131                <category android:name="android.intent.category.BROWSABLE" />
131-->[com.stripe:financial-connections:20.15.4] AndroidManifest.xml:30:17-78
131-->[com.stripe:financial-connections:20.15.4] AndroidManifest.xml:30:27-75
132
133                <!-- Accepts success and cancel URIs that begin with "stripe-auth://link-accounts” -->
134                <data
134-->[com.stripe:financial-connections:20.15.4] AndroidManifest.xml:18:13-43
135                    android:host="link-accounts"
136                    android:path="/com.example.human_tek_app/success"
137                    android:scheme="stripe-auth" />
137-->[com.stripe:financial-connections:20.15.4] AndroidManifest.xml:18:19-40
138                <data
138-->[com.stripe:financial-connections:20.15.4] AndroidManifest.xml:18:13-43
139                    android:host="link-accounts"
140                    android:path="/com.example.human_tek_app/cancel"
141                    android:scheme="stripe-auth" />
141-->[com.stripe:financial-connections:20.15.4] AndroidManifest.xml:18:19-40
142            </intent-filter>
143        </activity>
144        <activity
144-->[com.stripe:financial-connections:20.15.4] AndroidManifest.xml:43:9-46:57
145            android:name="com.stripe.android.financialconnections.FinancialConnectionsSheetActivity"
145-->[com.stripe:financial-connections:20.15.4] AndroidManifest.xml:44:13-101
146            android:exported="false"
146-->[com.stripe:financial-connections:20.15.4] AndroidManifest.xml:45:13-37
147            android:theme="@style/StripeDefaultTheme" />
147-->[com.stripe:financial-connections:20.15.4] AndroidManifest.xml:46:13-54
148
149        <provider
149-->[com.stripe:financial-connections:20.15.4] AndroidManifest.xml:48:9-52:43
150            android:name="com.stripe.android.financialconnections.appinitializer.FinancialConnectionsInitializer"
150-->[com.stripe:financial-connections:20.15.4] AndroidManifest.xml:49:13-114
151            android:authorities="com.example.human_tek_app.financialconnections-init"
151-->[com.stripe:financial-connections:20.15.4] AndroidManifest.xml:50:13-77
152            android:exported="false"
152-->[com.stripe:financial-connections:20.15.4] AndroidManifest.xml:51:13-37
153            android:multiprocess="true" />
153-->[com.stripe:financial-connections:20.15.4] AndroidManifest.xml:52:13-40
154
155        <activity
155-->[com.stripe:payments-ui-core:20.15.4] AndroidManifest.xml:10:9-13:69
156            android:name="com.stripe.android.ui.core.cardscan.CardScanActivity"
156-->[com.stripe:payments-ui-core:20.15.4] AndroidManifest.xml:11:13-80
157            android:exported="false"
157-->[com.stripe:payments-ui-core:20.15.4] AndroidManifest.xml:12:13-37
158            android:theme="@style/StripePaymentSheetDefaultTheme" />
158-->[com.stripe:payments-ui-core:20.15.4] AndroidManifest.xml:13:13-66
159        <activity
159-->[com.stripe:payments-core:20.15.4] AndroidManifest.xml:17:9-20:57
160            android:name="com.stripe.android.view.AddPaymentMethodActivity"
160-->[com.stripe:payments-core:20.15.4] AndroidManifest.xml:18:13-76
161            android:exported="false"
161-->[com.stripe:payments-core:20.15.4] AndroidManifest.xml:19:13-37
162            android:theme="@style/StripeDefaultTheme" />
162-->[com.stripe:payments-core:20.15.4] AndroidManifest.xml:20:13-54
163        <activity
163-->[com.stripe:payments-core:20.15.4] AndroidManifest.xml:21:9-24:57
164            android:name="com.stripe.android.view.PaymentMethodsActivity"
164-->[com.stripe:payments-core:20.15.4] AndroidManifest.xml:22:13-74
165            android:exported="false"
165-->[com.stripe:payments-core:20.15.4] AndroidManifest.xml:23:13-37
166            android:theme="@style/StripeDefaultTheme" />
166-->[com.stripe:payments-core:20.15.4] AndroidManifest.xml:24:13-54
167        <activity
167-->[com.stripe:payments-core:20.15.4] AndroidManifest.xml:25:9-28:57
168            android:name="com.stripe.android.view.PaymentFlowActivity"
168-->[com.stripe:payments-core:20.15.4] AndroidManifest.xml:26:13-71
169            android:exported="false"
169-->[com.stripe:payments-core:20.15.4] AndroidManifest.xml:27:13-37
170            android:theme="@style/StripeDefaultTheme" />
170-->[com.stripe:payments-core:20.15.4] AndroidManifest.xml:28:13-54
171        <activity
171-->[com.stripe:payments-core:20.15.4] AndroidManifest.xml:29:9-33:58
172            android:name="com.stripe.android.view.PaymentAuthWebViewActivity"
172-->[com.stripe:payments-core:20.15.4] AndroidManifest.xml:30:13-78
173            android:exported="false"
173-->[com.stripe:payments-core:20.15.4] AndroidManifest.xml:31:13-37
174            android:theme="@style/StripeDefaultTheme"
174-->[com.stripe:payments-core:20.15.4] AndroidManifest.xml:32:13-54
175            android:windowSoftInputMode="adjustResize" />
175-->[com.stripe:payments-core:20.15.4] AndroidManifest.xml:33:13-55
176        <activity
176-->[com.stripe:payments-core:20.15.4] AndroidManifest.xml:34:9-37:61
177            android:name="com.stripe.android.view.PaymentRelayActivity"
177-->[com.stripe:payments-core:20.15.4] AndroidManifest.xml:35:13-72
178            android:exported="false"
178-->[com.stripe:payments-core:20.15.4] AndroidManifest.xml:36:13-37
179            android:theme="@style/StripeTransparentTheme" />
179-->[com.stripe:payments-core:20.15.4] AndroidManifest.xml:37:13-58
180        <!--
181        Set android:launchMode="singleTop" so that the StripeBrowserLauncherActivity instance that
182        launched the browser Activity will also handle the return URL deep link.
183        -->
184        <activity
184-->[com.stripe:payments-core:20.15.4] AndroidManifest.xml:43:9-47:61
185            android:name="com.stripe.android.payments.StripeBrowserLauncherActivity"
185-->[com.stripe:payments-core:20.15.4] AndroidManifest.xml:44:13-85
186            android:exported="false"
186-->[com.stripe:payments-core:20.15.4] AndroidManifest.xml:45:13-37
187            android:launchMode="singleTask"
187-->[com.stripe:payments-core:20.15.4] AndroidManifest.xml:46:13-44
188            android:theme="@style/StripeTransparentTheme" />
188-->[com.stripe:payments-core:20.15.4] AndroidManifest.xml:47:13-58
189        <activity
189-->[com.stripe:payments-core:20.15.4] AndroidManifest.xml:48:9-65:20
190            android:name="com.stripe.android.payments.StripeBrowserProxyReturnActivity"
190-->[com.stripe:payments-core:20.15.4] AndroidManifest.xml:49:13-88
191            android:exported="true"
191-->[com.stripe:payments-core:20.15.4] AndroidManifest.xml:50:13-36
192            android:launchMode="singleTask"
192-->[com.stripe:payments-core:20.15.4] AndroidManifest.xml:51:13-44
193            android:theme="@style/StripeTransparentTheme" >
193-->[com.stripe:payments-core:20.15.4] AndroidManifest.xml:52:13-58
194            <intent-filter>
194-->[com.stripe:payments-core:20.15.4] AndroidManifest.xml:53:13-64:29
195                <action android:name="android.intent.action.VIEW" />
195-->[com.stripe:financial-connections:20.15.4] AndroidManifest.xml:16:13-65
195-->[com.stripe:financial-connections:20.15.4] AndroidManifest.xml:16:21-62
196
197                <category android:name="android.intent.category.DEFAULT" />
197-->[com.stripe:financial-connections:20.15.4] AndroidManifest.xml:29:17-76
197-->[com.stripe:financial-connections:20.15.4] AndroidManifest.xml:29:27-73
198                <category android:name="android.intent.category.BROWSABLE" />
198-->[com.stripe:financial-connections:20.15.4] AndroidManifest.xml:30:17-78
198-->[com.stripe:financial-connections:20.15.4] AndroidManifest.xml:30:27-75
199
200                <!-- Must match `DefaultReturnUrl#value`. -->
201                <data
201-->[com.stripe:financial-connections:20.15.4] AndroidManifest.xml:18:13-43
202                    android:host="payment_return_url"
203                    android:path="/com.example.human_tek_app"
204                    android:scheme="stripesdk" />
204-->[com.stripe:financial-connections:20.15.4] AndroidManifest.xml:18:19-40
205            </intent-filter>
206        </activity>
207        <activity
207-->[com.stripe:payments-core:20.15.4] AndroidManifest.xml:66:9-69:57
208            android:name="com.stripe.android.payments.core.authentication.threeds2.Stripe3ds2TransactionActivity"
208-->[com.stripe:payments-core:20.15.4] AndroidManifest.xml:67:13-114
209            android:exported="false"
209-->[com.stripe:payments-core:20.15.4] AndroidManifest.xml:68:13-37
210            android:theme="@style/StripeDefaultTheme" />
210-->[com.stripe:payments-core:20.15.4] AndroidManifest.xml:69:13-54
211        <activity
211-->[com.stripe:payments-core:20.15.4] AndroidManifest.xml:70:9-73:66
212            android:name="com.stripe.android.googlepaylauncher.StripeGooglePayActivity"
212-->[com.stripe:payments-core:20.15.4] AndroidManifest.xml:71:13-88
213            android:exported="false"
213-->[com.stripe:payments-core:20.15.4] AndroidManifest.xml:72:13-37
214            android:theme="@style/StripeGooglePayDefaultTheme" />
214-->[com.stripe:payments-core:20.15.4] AndroidManifest.xml:73:13-63
215        <activity
215-->[com.stripe:payments-core:20.15.4] AndroidManifest.xml:74:9-77:66
216            android:name="com.stripe.android.googlepaylauncher.GooglePayLauncherActivity"
216-->[com.stripe:payments-core:20.15.4] AndroidManifest.xml:75:13-90
217            android:exported="false"
217-->[com.stripe:payments-core:20.15.4] AndroidManifest.xml:76:13-37
218            android:theme="@style/StripeGooglePayDefaultTheme" />
218-->[com.stripe:payments-core:20.15.4] AndroidManifest.xml:77:13-63
219        <activity
219-->[com.stripe:payments-core:20.15.4] AndroidManifest.xml:78:9-81:66
220            android:name="com.stripe.android.googlepaylauncher.GooglePayPaymentMethodLauncherActivity"
220-->[com.stripe:payments-core:20.15.4] AndroidManifest.xml:79:13-103
221            android:exported="false"
221-->[com.stripe:payments-core:20.15.4] AndroidManifest.xml:80:13-37
222            android:theme="@style/StripeGooglePayDefaultTheme" />
222-->[com.stripe:payments-core:20.15.4] AndroidManifest.xml:81:13-63
223        <activity
223-->[com.stripe:payments-core:20.15.4] AndroidManifest.xml:82:9-85:62
224            android:name="com.stripe.android.payments.paymentlauncher.PaymentLauncherConfirmationActivity"
224-->[com.stripe:payments-core:20.15.4] AndroidManifest.xml:83:13-107
225            android:exported="false"
225-->[com.stripe:payments-core:20.15.4] AndroidManifest.xml:84:13-37
226            android:theme="@style/PayLauncherDefaultTheme" />
226-->[com.stripe:payments-core:20.15.4] AndroidManifest.xml:85:13-59
227        <activity
227-->[com.stripe:payments-core:20.15.4] AndroidManifest.xml:86:9-89:61
228            android:name="com.stripe.android.payments.bankaccount.ui.CollectBankAccountActivity"
228-->[com.stripe:payments-core:20.15.4] AndroidManifest.xml:87:13-97
229            android:exported="false"
229-->[com.stripe:payments-core:20.15.4] AndroidManifest.xml:88:13-37
230            android:theme="@style/StripeTransparentTheme" />
230-->[com.stripe:payments-core:20.15.4] AndroidManifest.xml:89:13-58
231        <activity
231-->[com.stripe:stripe-3ds2-android:6.1.5] AndroidManifest.xml:10:9-13:54
232            android:name="com.stripe.android.stripe3ds2.views.ChallengeActivity"
232-->[com.stripe:stripe-3ds2-android:6.1.5] AndroidManifest.xml:11:13-81
233            android:exported="false"
233-->[com.stripe:stripe-3ds2-android:6.1.5] AndroidManifest.xml:12:13-37
234            android:theme="@style/Stripe3DS2Theme" />
234-->[com.stripe:stripe-3ds2-android:6.1.5] AndroidManifest.xml:13:13-51
235        <activity
235-->[com.google.firebase:firebase-auth:22.3.0] AndroidManifest.xml:29:9-46:20
236            android:name="com.google.firebase.auth.internal.GenericIdpActivity"
236-->[com.google.firebase:firebase-auth:22.3.0] AndroidManifest.xml:30:13-80
237            android:excludeFromRecents="true"
237-->[com.google.firebase:firebase-auth:22.3.0] AndroidManifest.xml:31:13-46
238            android:exported="true"
238-->[com.google.firebase:firebase-auth:22.3.0] AndroidManifest.xml:32:13-36
239            android:launchMode="singleTask"
239-->[com.google.firebase:firebase-auth:22.3.0] AndroidManifest.xml:33:13-44
240            android:theme="@android:style/Theme.Translucent.NoTitleBar" >
240-->[com.google.firebase:firebase-auth:22.3.0] AndroidManifest.xml:34:13-72
241            <intent-filter>
241-->[com.google.firebase:firebase-auth:22.3.0] AndroidManifest.xml:35:13-45:29
242                <action android:name="android.intent.action.VIEW" />
242-->[com.stripe:financial-connections:20.15.4] AndroidManifest.xml:16:13-65
242-->[com.stripe:financial-connections:20.15.4] AndroidManifest.xml:16:21-62
243
244                <category android:name="android.intent.category.DEFAULT" />
244-->[com.stripe:financial-connections:20.15.4] AndroidManifest.xml:29:17-76
244-->[com.stripe:financial-connections:20.15.4] AndroidManifest.xml:29:27-73
245                <category android:name="android.intent.category.BROWSABLE" />
245-->[com.stripe:financial-connections:20.15.4] AndroidManifest.xml:30:17-78
245-->[com.stripe:financial-connections:20.15.4] AndroidManifest.xml:30:27-75
246
247                <data
247-->[com.stripe:financial-connections:20.15.4] AndroidManifest.xml:18:13-43
248                    android:host="firebase.auth"
249                    android:path="/"
250                    android:scheme="genericidp" />
250-->[com.stripe:financial-connections:20.15.4] AndroidManifest.xml:18:19-40
251            </intent-filter>
252        </activity>
253        <activity
253-->[com.google.firebase:firebase-auth:22.3.0] AndroidManifest.xml:47:9-64:20
254            android:name="com.google.firebase.auth.internal.RecaptchaActivity"
254-->[com.google.firebase:firebase-auth:22.3.0] AndroidManifest.xml:48:13-79
255            android:excludeFromRecents="true"
255-->[com.google.firebase:firebase-auth:22.3.0] AndroidManifest.xml:49:13-46
256            android:exported="true"
256-->[com.google.firebase:firebase-auth:22.3.0] AndroidManifest.xml:50:13-36
257            android:launchMode="singleTask"
257-->[com.google.firebase:firebase-auth:22.3.0] AndroidManifest.xml:51:13-44
258            android:theme="@android:style/Theme.Translucent.NoTitleBar" >
258-->[com.google.firebase:firebase-auth:22.3.0] AndroidManifest.xml:52:13-72
259            <intent-filter>
259-->[com.google.firebase:firebase-auth:22.3.0] AndroidManifest.xml:53:13-63:29
260                <action android:name="android.intent.action.VIEW" />
260-->[com.stripe:financial-connections:20.15.4] AndroidManifest.xml:16:13-65
260-->[com.stripe:financial-connections:20.15.4] AndroidManifest.xml:16:21-62
261
262                <category android:name="android.intent.category.DEFAULT" />
262-->[com.stripe:financial-connections:20.15.4] AndroidManifest.xml:29:17-76
262-->[com.stripe:financial-connections:20.15.4] AndroidManifest.xml:29:27-73
263                <category android:name="android.intent.category.BROWSABLE" />
263-->[com.stripe:financial-connections:20.15.4] AndroidManifest.xml:30:17-78
263-->[com.stripe:financial-connections:20.15.4] AndroidManifest.xml:30:27-75
264
265                <data
265-->[com.stripe:financial-connections:20.15.4] AndroidManifest.xml:18:13-43
266                    android:host="firebase.auth"
267                    android:path="/"
268                    android:scheme="recaptcha" />
268-->[com.stripe:financial-connections:20.15.4] AndroidManifest.xml:18:19-40
269            </intent-filter>
270        </activity>
271
272        <provider
272-->[com.google.firebase:firebase-common:20.4.2] AndroidManifest.xml:23:9-28:39
273            android:name="com.google.firebase.provider.FirebaseInitProvider"
273-->[com.google.firebase:firebase-common:20.4.2] AndroidManifest.xml:24:13-77
274            android:authorities="com.example.human_tek_app.firebaseinitprovider"
274-->[com.google.firebase:firebase-common:20.4.2] AndroidManifest.xml:25:13-72
275            android:directBootAware="true"
275-->[com.google.firebase:firebase-common:20.4.2] AndroidManifest.xml:26:13-43
276            android:exported="false"
276-->[com.google.firebase:firebase-common:20.4.2] AndroidManifest.xml:27:13-37
277            android:initOrder="100" /> <!-- Needs to be explicitly declared on P+ -->
277-->[com.google.firebase:firebase-common:20.4.2] AndroidManifest.xml:28:13-36
278        <uses-library
278-->[com.google.android.gms:play-services-maps:18.0.2] AndroidManifest.xml:39:9-41:40
279            android:name="org.apache.http.legacy"
279-->[com.google.android.gms:play-services-maps:18.0.2] AndroidManifest.xml:40:13-50
280            android:required="false" />
280-->[com.google.android.gms:play-services-maps:18.0.2] AndroidManifest.xml:41:13-37
281
282        <activity
282-->[com.google.android.gms:play-services-base:18.0.1] AndroidManifest.xml:20:9-22:45
283            android:name="com.google.android.gms.common.api.GoogleApiActivity"
283-->[com.google.android.gms:play-services-base:18.0.1] AndroidManifest.xml:20:19-85
284            android:exported="false"
284-->[com.google.android.gms:play-services-base:18.0.1] AndroidManifest.xml:22:19-43
285            android:theme="@android:style/Theme.Translucent.NoTitleBar" />
285-->[com.google.android.gms:play-services-base:18.0.1] AndroidManifest.xml:21:19-78
286
287        <meta-data
287-->[com.google.android.gms:play-services-basement:18.1.0] AndroidManifest.xml:21:9-23:69
288            android:name="com.google.android.gms.version"
288-->[com.google.android.gms:play-services-basement:18.1.0] AndroidManifest.xml:22:13-58
289            android:value="@integer/google_play_services_version" />
289-->[com.google.android.gms:play-services-basement:18.1.0] AndroidManifest.xml:23:13-66
290
291        <uses-library
291-->[androidx.window:window:1.0.0-beta04] AndroidManifest.xml:25:9-27:40
292            android:name="androidx.window.extensions"
292-->[androidx.window:window:1.0.0-beta04] AndroidManifest.xml:26:13-54
293            android:required="false" />
293-->[androidx.window:window:1.0.0-beta04] AndroidManifest.xml:27:13-37
294        <uses-library
294-->[androidx.window:window:1.0.0-beta04] AndroidManifest.xml:28:9-30:40
295            android:name="androidx.window.sidecar"